CallKit/build/outputs/logs/manifest-merger-release-report.txt
-- Merging decision tree log ---
manifest
ADDED from src\main\AndroidManifest.xml:1:1-59:12
INJECTED from src\main\AndroidManifest.xml:1:1-59:12
INJECTED from src\main\AndroidManifest.xml:1:1-59:12
INJECTED from src\main\AndroidManifest.xml:1:1-59:12
INJECTED from src\main\AndroidManifest.xml:1:1-59:12
INJECTED from src\main\AndroidManifest.xml:1:1-59:12
INJECTED from src\main\AndroidManifest.xml:1:1-59:12
	package
		ADDED from src\main\AndroidManifest.xml:2:5-30
		INJECTED from src\main\AndroidManifest.xml
		INJECTED from src\main\AndroidManifest.xml
	android:versionName
		INJECTED from src\main\AndroidManifest.xml
		ADDED from src\main\AndroidManifest.xml:1:1-59:12
		INJECTED from src\main\AndroidManifest.xml
	android:versionCode
		INJECTED from src\main\AndroidManifest.xml
		ADDED from src\main\AndroidManifest.xml:1:1-59:12
		INJECTED from src\main\AndroidManifest.xml
	xmlns:android
		ADDED from src\main\AndroidManifest.xml:1:11-69
uses-sdk
ADDED from src\main\AndroidManifest.xml:4:5-6:41
INJECTED from src\main\AndroidManifest.xml:4:5-6:41
INJECTED from src\main\AndroidManifest.xml:4:5-6:41
INJECTED from src\main\AndroidManifest.xml:4:5-6:41
INJECTED from src\main\AndroidManifest.xml:4:5-6:41
	android:targetSdkVersion
		ADDED from src\main\AndroidManifest.xml:6:9-38
		INJECTED from src\main\AndroidManifest.xml
		INJECTED from src\main\AndroidManifest.xml
	android:minSdkVersion
		ADDED from src\main\AndroidManifest.xml:5:9-35
		INJECTED from src\main\AndroidManifest.xml
		INJECTED from src\main\AndroidManifest.xml
uses-permission#android.permission.PROCESS_OUTGOING_CALLS
ADDED from src\main\AndroidManifest.xml:8:5-81
	android:name
		ADDED from src\main\AndroidManifest.xml:8:22-78
uses-permission#android.permission.INTERACT_ACROSS_USERS_FULL
ADDED from src\main\AndroidManifest.xml:9:5-85
	android:name
		ADDED from src\main\AndroidManifest.xml:9:22-82
uses-permission#android.permission.SYSTEM_ALERT_WINDOW
ADDED from src\main\AndroidManifest.xml:10:5-78
	android:name
		ADDED from src\main\AndroidManifest.xml:10:22-75
application
ADDED from src\main\AndroidManifest.xml:12:5-57:19
activity#io.rong.callkit.MultiVideoCallActivity
ADDED from src\main\AndroidManifest.xml:14:9-24:20
	android:screenOrientation
		ADDED from src\main\AndroidManifest.xml:17:13-49
	android:launchMode
		ADDED from src\main\AndroidManifest.xml:16:13-43
	android:windowSoftInputMode
		ADDED from src\main\AndroidManifest.xml:18:13-67
	android:exported
		ADDED from src\main\AndroidManifest.xml:19:13-37
	android:name
		ADDED from src\main\AndroidManifest.xml:15:13-51
intent-filter#android.intent.category.DEFAULT+io.rong.intent.action.voip.MULTIVIDEO
ADDED from src\main\AndroidManifest.xml:20:13-23:29
action#io.rong.intent.action.voip.MULTIVIDEO
ADDED from src\main\AndroidManifest.xml:21:17-80
	android:name
		ADDED from src\main\AndroidManifest.xml:21:25-77
category#android.intent.category.DEFAULT
ADDED from src\main\AndroidManifest.xml:22:17-76
	android:name
		ADDED from src\main\AndroidManifest.xml:22:27-73
activity#io.rong.callkit.SingleCallActivity
ADDED from src\main\AndroidManifest.xml:26:9-40:20
	android:screenOrientation
		ADDED from src\main\AndroidManifest.xml:29:13-49
	android:launchMode
		ADDED from src\main\AndroidManifest.xml:28:13-43
	android:windowSoftInputMode
		ADDED from src\main\AndroidManifest.xml:30:13-67
	android:exported
		ADDED from src\main\AndroidManifest.xml:31:13-37
	android:name
		ADDED from src\main\AndroidManifest.xml:27:13-47
intent-filter#android.intent.category.DEFAULT+io.rong.intent.action.voip.SINGLEVIDEO
ADDED from src\main\AndroidManifest.xml:32:13-35:29
action#io.rong.intent.action.voip.SINGLEVIDEO
ADDED from src\main\AndroidManifest.xml:33:17-81
	android:name
		ADDED from src\main\AndroidManifest.xml:33:25-78
intent-filter#android.intent.category.DEFAULT+io.rong.intent.action.voip.SINGLEAUDIO
ADDED from src\main\AndroidManifest.xml:36:13-39:29
action#io.rong.intent.action.voip.SINGLEAUDIO
ADDED from src\main\AndroidManifest.xml:37:17-81
	android:name
		ADDED from src\main\AndroidManifest.xml:37:25-78
activity#io.rong.callkit.MultiAudioCallActivity
ADDED from src\main\AndroidManifest.xml:41:9-51:20
	android:screenOrientation
		ADDED from src\main\AndroidManifest.xml:44:13-49
	android:launchMode
		ADDED from src\main\AndroidManifest.xml:43:13-43
	android:windowSoftInputMode
		ADDED from src\main\AndroidManifest.xml:45:13-67
	android:exported
		ADDED from src\main\AndroidManifest.xml:46:13-37
	android:name
		ADDED from src\main\AndroidManifest.xml:42:13-51
intent-filter#android.intent.category.DEFAULT+io.rong.intent.action.voip.MULTIAUDIO
ADDED from src\main\AndroidManifest.xml:47:13-50:29
action#io.rong.intent.action.voip.MULTIAUDIO
ADDED from src\main\AndroidManifest.xml:48:17-80
	android:name
		ADDED from src\main\AndroidManifest.xml:48:25-77
activity#io.rong.callkit.CallSelectMemberActivity
ADDED from src\main\AndroidManifest.xml:53:9-62
	android:name
		ADDED from src\main\AndroidManifest.xml:53:19-59